2019-06-11 00:23:17.715  INFO 4376 --- [main] com.wxx.modules.st.StApplication         : Starting StApplication on Win7-2019YWATAJ with PID 4376 (D:\gitCode\st\out\production\classes started by Administrator in D:\gitCode\st)
2019-06-11 00:23:17.731  INFO 4376 --- [main] com.wxx.modules.st.StApplication         : The following profiles are active: local
2019-06-11 00:23:18.246  WARN 4376 --- [main] o.m.s.mapper.ClassPathMapperScanner      : No MyBatis mapper was found in '[com.wxx.modules.st]' package. Please check your configuration.
2019-06-11 00:23:19.478  INFO 4376 --- [main] o.s.b.web.embedded.netty.NettyWebServer  : Netty started on port(s): 8080
2019-06-11 00:23:19.478  INFO 4376 --- [main] com.wxx.modules.st.StApplication         : Started StApplication in 2.199 seconds (JVM running for 7.097)
2019-06-11 00:23:19.478  INFO 4376 --- [main] com.wxx.modules.st.common.InitMysqlData  : 在这个方法里可以初始化数据，加载数据到mysql
2019-06-11 00:23:19.478  INFO 4376 --- [main] com.wxx.modules.st.common.InitRedisData  : 在这个方法里可以初始化数据，加载数据到redis
2019-06-11 00:24:51.301  INFO 5300 --- [main] com.wxx.modules.st.StApplication         : Starting StApplication on Win7-2019YWATAJ with PID 5300 (D:\gitCode\st\out\production\classes started by Administrator in D:\gitCode\st)
2019-06-11 00:24:51.301  INFO 5300 --- [main] com.wxx.modules.st.StApplication         : The following profiles are active: local
2019-06-11 00:24:51.832  WARN 5300 --- [main] o.m.s.mapper.ClassPathMapperScanner      : No MyBatis mapper was found in '[com.wxx.modules.st]' package. Please check your configuration.
2019-06-11 00:24:53.098  INFO 5300 --- [main] o.s.b.web.embedded.netty.NettyWebServer  : Netty started on port(s): 8080
2019-06-11 00:24:53.113  INFO 5300 --- [main] com.wxx.modules.st.StApplication         : Started StApplication in 2.318 seconds (JVM running for 3.629)
2019-06-11 00:24:53.113  INFO 5300 --- [main] com.wxx.modules.st.common.InitMysqlData  : 在这个方法里可以初始化数据，加载数据到mysql
2019-06-11 00:24:53.113  INFO 5300 --- [main] com.wxx.modules.st.common.InitRedisData  : 在这个方法里可以初始化数据，加载数据到redis
2019-06-11 00:26:21.215  INFO 5356 --- [main] com.wxx.modules.st.StApplication         : Starting StApplication on Win7-2019YWATAJ with PID 5356 (D:\gitCode\st\out\production\classes started by Administrator in D:\gitCode\st)
2019-06-11 00:26:21.215  INFO 5356 --- [main] com.wxx.modules.st.StApplication         : The following profiles are active: local
2019-06-11 00:26:21.715  WARN 5356 --- [main] o.m.s.mapper.ClassPathMapperScanner      : No MyBatis mapper was found in '[com.wxx.modules.st]' package. Please check your configuration.
2019-06-11 00:26:22.855  INFO 5356 --- [main] o.s.b.web.embedded.netty.NettyWebServer  : Netty started on port(s): 8080
2019-06-11 00:26:22.871  INFO 5356 --- [main] com.wxx.modules.st.StApplication         : Started StApplication in 2.203 seconds (JVM running for 3.124)
2019-06-11 00:26:22.871  INFO 5356 --- [main] com.wxx.modules.st.common.InitMysqlData  : 在这个方法里可以初始化数据，加载数据到mysql
2019-06-11 00:26:22.871  INFO 5356 --- [main] com.wxx.modules.st.common.InitRedisData  : 在这个方法里可以初始化数据，加载数据到redis
2019-06-11 00:26:22.871  INFO 5356 --- [main] com.wxx.modules.st.StApplication         : -- SpringBoot 已经启动--
2019-06-11 00:37:06.854  INFO 4456 --- [main] com.wxx.modules.st.StApplication         : Starting StApplication on Win7-2019YWATAJ with PID 4456 (D:\gitCode\st\out\production\classes started by Administrator in D:\gitCode\st)
2019-06-11 00:37:06.854  INFO 4456 --- [main] com.wxx.modules.st.StApplication         : No active profile set, falling back to default profiles: default
2019-06-11 00:37:07.355  WARN 4456 --- [main] o.m.s.mapper.ClassPathMapperScanner      : No MyBatis mapper was found in '[com.wxx.modules.st]' package. Please check your configuration.
2019-06-11 00:37:08.042  WARN 4456 --- [main] onfigReactiveWebServerApplicationContext : Exception encountered during context initialization - cancelling refresh attempt: org.springframework.beans.factory.BeanCreationException: Error creating bean with name 'dataSource' defined in class path resource [org/springframework/boot/autoconfigure/jdbc/DataSourceConfiguration$Hikari.class]: Bean instantiation via factory method failed; nested exception is org.springframework.beans.BeanInstantiationException: Failed to instantiate [com.zaxxer.hikari.HikariDataSource]: Factory method 'dataSource' threw exception; nested exception is org.springframework.boot.autoconfigure.jdbc.DataSourceProperties$DataSourceBeanCreationException: Failed to determine a suitable driver class
2019-06-11 00:37:08.073  INFO 4456 --- [main] ConditionEvaluationReportLoggingListener : 

Error starting ApplicationContext. To display the conditions report re-run your application with 'debug' enabled.
2019-06-11 00:37:08.073 ERROR 4456 --- [main] o.s.b.d.LoggingFailureAnalysisReporter   : 

***************************
APPLICATION FAILED TO START
***************************

Description:

Failed to configure a DataSource: 'url' attribute is not specified and no embedded datasource could be configured.

Reason: Failed to determine a suitable driver class


Action:

Consider the following:
	If you want an embedded database (H2, HSQL or Derby), please put it on the classpath.
	If you have database settings to be loaded from a particular profile you may need to activate it (no profiles are currently active).

2019-06-11 00:38:16.233  INFO 6752 --- [main] com.wxx.modules.st.StApplication         : Starting StApplication on Win7-2019YWATAJ with PID 6752 (D:\gitCode\st\out\production\classes started by Administrator in D:\gitCode\st)
2019-06-11 00:38:16.248  INFO 6752 --- [main] com.wxx.modules.st.StApplication         : The following profiles are active: local
2019-06-11 00:38:16.701  WARN 6752 --- [main] o.m.s.mapper.ClassPathMapperScanner      : No MyBatis mapper was found in '[com.wxx.modules.st]' package. Please check your configuration.
2019-06-11 00:38:17.905  INFO 6752 --- [main] o.s.b.web.embedded.netty.NettyWebServer  : Netty started on port(s): 8080
2019-06-11 00:38:17.920  INFO 6752 --- [main] com.wxx.modules.st.StApplication         : Started StApplication in 2.158 seconds (JVM running for 3.053)
2019-06-11 00:38:17.920  INFO 6752 --- [main] com.wxx.modules.st.common.InitMysqlData  : 在这个方法里可以初始化数据，加载数据到mysql
2019-06-11 00:38:17.920  INFO 6752 --- [main] com.wxx.modules.st.common.InitRedisData  : 在这个方法里可以初始化数据，加载数据到redis
2019-06-11 00:38:17.920  INFO 6752 --- [main] com.wxx.modules.st.StApplication         : -- SpringBoot 已经启动--
2019-06-11 00:39:22.093  INFO 5964 --- [main] com.wxx.modules.st.StApplication         : Starting StApplication on Win7-2019YWATAJ with PID 5964 (D:\gitCode\st\out\production\classes started by Administrator in D:\gitCode\st)
2019-06-11 00:39:22.093  INFO 5964 --- [main] com.wxx.modules.st.StApplication         : No active profile set, falling back to default profiles: default
2019-06-11 00:39:22.593  WARN 5964 --- [main] o.m.s.mapper.ClassPathMapperScanner      : No MyBatis mapper was found in '[com.wxx.modules.st]' package. Please check your configuration.
2019-06-11 00:39:23.735  INFO 5964 --- [main] o.s.b.web.embedded.netty.NettyWebServer  : Netty started on port(s): 8081
2019-06-11 00:39:23.735  INFO 5964 --- [main] com.wxx.modules.st.StApplication         : Started StApplication in 2.15 seconds (JVM running for 3.035)
2019-06-11 00:39:23.735  INFO 5964 --- [main] com.wxx.modules.st.common.InitMysqlData  : 在这个方法里可以初始化数据，加载数据到mysql
2019-06-11 00:39:23.735  INFO 5964 --- [main] com.wxx.modules.st.common.InitRedisData  : 在这个方法里可以初始化数据，加载数据到redis
2019-06-11 00:39:23.735  INFO 5964 --- [main] com.wxx.modules.st.StApplication         : -- SpringBoot 已经启动--
2019-06-11 01:07:07.642  INFO 4136 --- [main] com.wxx.modules.st.StApplication         : Starting StApplication on Win7-2019YWATAJ with PID 4136 (D:\gitCode\st\out\production\classes started by Administrator in D:\gitCode\st)
2019-06-11 01:07:07.644  INFO 4136 --- [main] com.wxx.modules.st.StApplication         : No active profile set, falling back to default profiles: default
2019-06-11 01:07:08.136  WARN 4136 --- [main] o.m.s.mapper.ClassPathMapperScanner      : No MyBatis mapper was found in '[com.wxx.modules.st]' package. Please check your configuration.
2019-06-11 01:07:09.347  INFO 4136 --- [main] o.s.b.web.embedded.netty.NettyWebServer  : Netty started on port(s): 8081
2019-06-11 01:07:09.351  INFO 4136 --- [main] com.wxx.modules.st.StApplication         : Started StApplication in 2.244 seconds (JVM running for 3.266)
2019-06-11 01:07:09.352  INFO 4136 --- [main] com.wxx.modules.st.common.InitMysqlData  : 在这个方法里可以初始化数据，加载数据到mysql
2019-06-11 01:07:09.353  INFO 4136 --- [main] com.wxx.modules.st.common.InitRedisData  : 在这个方法里可以初始化数据，加载数据到redis
2019-06-11 01:07:09.353  INFO 4136 --- [main] com.wxx.modules.st.StApplication         : -- SpringBoot 已经启动--
